<?xml version="1.0" encoding="UTF-8"?>
<!-- Generated by org.testng.reporters.JUnitReportReporter -->
<testsuite hostname="LAPTOP-ET4NCJLI" failures="0" tests="1" name="seleniumtest_firefox.TestNG1" time="11.400" errors="0" timestamp="2024-11-07T06:48:06 IST" skipped="0">
  <testcase classname="seleniumtest_firefox.TestNG1" name="f" time="11.400"/>
</testsuite> <!-- seleniumtest_firefox.TestNG1 -->
