<?xml version="1.0" encoding="UTF-8"?>
<!-- Generated by org.testng.reporters.JUnitReportReporter -->
<testsuite hostname="LAPTOP-ET4NCJLI" failures="0" tests="2" name="seleniumtest_firefox.TestNG2" time="20.916" errors="0" timestamp="2024-11-07T06:52:02 IST" skipped="0">
  <testcase classname="seleniumtest_firefox.TestNG2" name="TestFacebook" time="10.057"/>
  <testcase classname="seleniumtest_firefox.TestNG2" name="TestGoogle" time="10.859"/>
</testsuite> <!-- seleniumtest_firefox.TestNG2 -->
