<?xml version="1.0" encoding="UTF-8"?>
<!-- Generated by org.testng.reporters.JUnitReportReporter -->
<testsuite hostname="LAPTOP-ET4NCJLI" failures="0" tests="1" name="seleniumtest_firefox.TestNG3" time="0.015" errors="0" timestamp="2024-11-07T07:04:21 IST" skipped="0">
  <testcase classname="seleniumtest_firefox.TestNG3" name="verifyHomepageTitle" time="0.015"/>
</testsuite> <!-- seleniumtest_firefox.TestNG3 -->
